<?xml version="1.0" encoding="UTF-8"?>
<testsuite name="twenty.day.two.SecondDayTest" tests="1" skipped="0" failures="0" errors="0" timestamp="2021-09-28T15:41:09" hostname="DESKTOP-SMP139C" time="0.052">
  <properties/>
  <testcase name="tripleSumUpAndMultiply()" classname="twenty.day.two.SecondDayTest" time="0.052"/>
  <system-out><![CDATA[]]></system-out>
  <system-err><![CDATA[]]></system-err>
</testsuite>
